0 info it worked if it ends with ok
1 verbose cli [ '/usr/bin/node', '/usr/bin/npm', 'run', 'reset' ]
2 info using npm@3.5.2
3 info using node@v8.10.0
4 verbose run-script [ 'prereset', 'reset', 'postreset' ]
5 info lifecycle ipeefreely-backend@1.0.0~prereset: ipeefreely-backend@1.0.0
6 silly lifecycle ipeefreely-backend@1.0.0~prereset: no script for prereset, continuing
7 info lifecycle ipeefreely-backend@1.0.0~reset: ipeefreely-backend@1.0.0
8 verbose lifecycle ipeefreely-backend@1.0.0~reset: unsafe-perm in lifecycle true
9 verbose lifecycle ipeefreely-backend@1.0.0~reset: PATH: /usr/share/npm/bin/node-gyp-bin:/home/tithos/Code/Web-iPeeFreely/backend/node_modules/.bin:/usr/local/sbin:/usr/local/bin:/usr/sbin:/usr/bin:/sbin:/bin:/usr/games:/usr/local/games:/snap/bin
10 verbose lifecycle ipeefreely-backend@1.0.0~reset: CWD: /home/tithos/Code/Web-iPeeFreely/backend
11 silly lifecycle ipeefreely-backend@1.0.0~reset: Args: [ '-c', 'prisma reset' ]
12 silly lifecycle ipeefreely-backend@1.0.0~reset: Returned: code: 1  signal: null
13 info lifecycle ipeefreely-backend@1.0.0~reset: Failed to exec reset script
14 verbose stack Error: ipeefreely-backend@1.0.0 reset: `prisma reset`
14 verbose stack Exit status 1
14 verbose stack     at EventEmitter.<anonymous> (/usr/share/npm/lib/utils/lifecycle.js:232:16)
14 verbose stack     at emitTwo (events.js:126:13)
14 verbose stack     at EventEmitter.emit (events.js:214:7)
14 verbose stack     at ChildProcess.<anonymous> (/usr/share/npm/lib/utils/spawn.js:24:14)
14 verbose stack     at emitTwo (events.js:126:13)
14 verbose stack     at ChildProcess.emit (events.js:214:7)
14 verbose stack     at maybeClose (internal/child_process.js:925:16)
14 verbose stack     at Process.ChildProcess._handle.onexit (internal/child_process.js:209:5)
15 verbose pkgid ipeefreely-backend@1.0.0
16 verbose cwd /home/tithos/Code/Web-iPeeFreely/backend
17 error Linux 4.15.0-46-generic
18 error argv "/usr/bin/node" "/usr/bin/npm" "run" "reset"
19 error node v8.10.0
20 error npm  v3.5.2
21 error code ELIFECYCLE
22 error ipeefreely-backend@1.0.0 reset: `prisma reset`
22 error Exit status 1
23 error Failed at the ipeefreely-backend@1.0.0 reset script 'prisma reset'.
23 error Make sure you have the latest version of node.js and npm installed.
23 error If you do, this is most likely a problem with the ipeefreely-backend package,
23 error not with npm itself.
23 error Tell the author that this fails on your system:
23 error     prisma reset
23 error You can get information on how to open an issue for this project with:
23 error     npm bugs ipeefreely-backend
23 error Or if that isn't available, you can get their info via:
23 error     npm owner ls ipeefreely-backend
23 error There is likely additional logging output above.
24 verbose exit [ 1, true ]
